<?xml version="1.0" encoding="UTF-8"?>
<!-- Generated by org.testng.reporters.JUnitReportReporter -->
<testsuite hostname="DESKTOP-9PTBH7V" name="testNGData.SignUp" tests="1" failures="0" timestamp="9 Nov 2020 10:20:52 GMT" time="42.008" errors="0">
  <testcase name="signupForm" time="42.008" classname="testNGData.SignUp"/>
</testsuite> <!-- testNGData.SignUp -->
