<?xml version="1.0" encoding="UTF-8"?>
<!-- Generated by org.testng.reporters.JUnitReportReporter -->
<testsuite hostname="DESKTOP-9PTBH7V" name="testcase.SignUpTest" tests="1" failures="0" timestamp="9 Nov 2020 11:09:09 GMT" time="50.841" errors="0">
  <testcase name="signupForm" time="50.841" classname="testcase.SignUpTest"/>
</testsuite> <!-- testcase.SignUpTest -->
