<?xml version="1.0" encoding="UTF-8"?>
<!-- Generated by org.testng.reporters.JUnitReportReporter -->
<testsuite hostname="DESKTOP-9PTBH7V" name="testNGData.SignUpTest" tests="1" failures="0" timestamp="9 Nov 2020 08:57:26 GMT" time="68.719" errors="0">
  <testcase name="signupForm" time="68.719" classname="testNGData.SignUpTest"/>
</testsuite> <!-- testNGData.SignUpTest -->
