<?xml version="1.0" encoding="UTF-8"?>
<!-- Generated by org.testng.reporters.JUnitReportReporter -->
<testsuite hostname="DESKTOP-9PTBH7V" name="testPage.SignUpTest" tests="1" failures="0" timestamp="9 Nov 2020 10:49:00 GMT" time="46.108" errors="0">
  <testcase name="signupForm" time="46.108" classname="testPage.SignUpTest"/>
</testsuite> <!-- testPage.SignUpTest -->
